[0519/200710.203:ERROR:process_reader_win.cc(151)] SuspendThread: Access is denied. (0x5)
[0519/200710.206:ERROR:process_reader_win.cc(151)] SuspendThread: Access is denied. (0x5)
[0519/200710.497:ERROR:process_reader_win.cc(151)] SuspendThread: Access is denied. (0x5)
[0519/200710.498:ERROR:process_reader_win.cc(151)] SuspendThread: Access is denied. (0x5)
[0519/200710.498:ERROR:process_reader_win.cc(151)] SuspendThread: Access is denied. (0x5)
[0519/200710.498:ERROR:process_reader_win.cc(151)] SuspendThread: Access is denied. (0x5)
[0519/200710.498:ERROR:process_reader_win.cc(151)] SuspendThread: Access is denied. (0x5)
[0519/200710.498:ERROR:process_reader_win.cc(151)] SuspendThread: Access is denied. (0x5)
[0519/200710.498:ERROR:process_reader_win.cc(151)] SuspendThread: Access is denied. (0x5)
[0519/200710.498:ERROR:process_reader_win.cc(151)] SuspendThread: Access is denied. (0x5)
[0519/200710.498:ERROR:process_reader_win.cc(151)] SuspendThread: Access is denied. (0x5)
[0519/200710.829:ERROR:process_reader_win.cc(151)] SuspendThread: Access is denied. (0x5)
[0519/230520.941:ERROR:process_memory_win.cc(73)] ReadMemory at 0x4fb8900000 of 1048576 bytes failed: Only part of a ReadProcessMemory or WriteProcessMemory request was completed. (0x12B)
[0519/230520.949:ERROR:process_memory_win.cc(73)] ReadMemory at 0x4fb2077000 of 852 bytes failed: Only part of a ReadProcessMemory or WriteProcessMemory request was completed. (0x12B)
[0519/230520.951:ERROR:process_memory_win.cc(73)] ReadMemory at 0x4fb2098000 of 6024 bytes failed: Only part of a ReadProcessMemory or WriteProcessMemory request was completed. (0x12B)
[0519/230520.951:ERROR:process_memory_win.cc(73)] ReadMemory at 0x1ed85850750 of 80 bytes failed: Only part of a ReadProcessMemory or WriteProcessMemory request was completed. (0x12B)
[0519/230520.953:ERROR:process_memory_win.cc(73)] ReadMemory at 0x1ed85850fe0 of 6104 bytes failed: Only part of a ReadProcessMemory or WriteProcessMemory request was completed. (0x12B)
[0519/230520.955:ERROR:process_memory_win.cc(73)] ReadMemory at 0x1ed858527c0 of 1012 bytes failed: Only part of a ReadProcessMemory or WriteProcessMemory request was completed. (0x12B)
[0519/230520.955:ERROR:process_memory_win.cc(73)] ReadMemory at 0x1ed85852e08 of 118 bytes failed: Only part of a ReadProcessMemory or WriteProcessMemory request was completed. (0x12B)
[0519/230520.955:ERROR:process_memory_win.cc(73)] ReadMemory at 0x1ed85852e80 of 1010 bytes failed: Only part of a ReadProcessMemory or WriteProcessMemory request was completed. (0x12B)
[0519/230520.955:ERROR:process_memory_win.cc(73)] ReadMemory at 0x1ed85853274 of 118 bytes failed: Only part of a ReadProcessMemory or WriteProcessMemory request was completed. (0x12B)
[0519/230520.956:ERROR:process_memory_win.cc(73)] ReadMemory at 0x1ed858532ec of 102 bytes failed: Only part of a ReadProcessMemory or WriteProcessMemory request was completed. (0x12B)
[0519/230520.956:ERROR:process_memory_win.cc(73)] ReadMemory at 0x1ed85853360 of 58 bytes failed: Only part of a ReadProcessMemory or WriteProcessMemory request was completed. (0x12B)
[0519/230520.956:ERROR:process_memory_win.cc(73)] ReadMemory at 0x1ed85853460 of 132 bytes failed: Only part of a ReadProcessMemory or WriteProcessMemory request was completed. (0x12B)
[0519/230520.957:ERROR:process_memory_win.cc(73)] ReadMemory at 0x1ed858535f0 of 132 bytes failed: Only part of a ReadProcessMemory or WriteProcessMemory request was completed. (0x12B)
[0519/230520.957:ERROR:process_memory_win.cc(73)] ReadMemory at 0x1ed858537b0 of 126 bytes failed: Only part of a ReadProcessMemory or WriteProcessMemory request was completed. (0x12B)
[0519/230520.957:ERROR:process_memory_win.cc(73)] ReadMemory at 0x1ed85853b90 of 132 bytes failed: Only part of a ReadProcessMemory or WriteProcessMemory request was completed. (0x12B)
[0519/230520.957:ERROR:process_memory_win.cc(73)] ReadMemory at 0x1ed85853d20 of 64 bytes failed: Only part of a ReadProcessMemory or WriteProcessMemory request was completed. (0x12B)
[0519/230520.958:ERROR:process_memory_win.cc(73)] ReadMemory at 0x1ed85853d70 of 132 bytes failed: Only part of a ReadProcessMemory or WriteProcessMemory request was completed. (0x12B)
[0519/230520.958:ERROR:process_memory_win.cc(73)] ReadMemory at 0x1ed85853ee0 of 132 bytes failed: Only part of a ReadProcessMemory or WriteProcessMemory request was completed. (0x12B)
[0519/230520.959:ERROR:process_memory_win.cc(73)] ReadMemory at 0x1ed85854180 of 132 bytes failed: Only part of a ReadProcessMemory or WriteProcessMemory request was completed. (0x12B)
[0519/232331.689:ERROR:file_io_win.cc(161)] CreateFile C:\Users\Shivika\AppData\Local\Temp\karma-46077533\Crashpad\settings.dat: The system cannot find the file specified. (0x2)
[0519/232332.134:ERROR:file_io_win.cc(161)] CreateFile C:\Users\Shivika\AppData\Local\Temp\karma-46077533\Crashpad\settings.dat: The system cannot find the file specified. (0x2)
[0519/232332.402:ERROR:file_io_win.cc(161)] CreateFile C:\Users\Shivika\AppData\Local\Temp\karma-46077533\Crashpad\settings.dat: The system cannot find the file specified. (0x2)
[0519/232332.403:ERROR:file_io_win.cc(170)] CreateFile C:\Users\Shivika\AppData\Local\Temp\karma-46077533\Crashpad\reports\543c4919-f56f-4c6d-a14b-20a3ad07463e.dmp: The system cannot find the path specified. (0x3)
[0519/232332.403:ERROR:crash_report_exception_handler.cc(97)] PrepareNewCrashReport failed
[0519/234802.306:ERROR:process_memory_win.cc(73)] ReadMemory at 0x25c80065dc0 of 72 bytes failed: Only part of a ReadProcessMemory or WriteProcessMemory request was completed. (0x12B)
[0519/234802.308:WARNING:pe_image_annotations_reader.cc(134)] could not read annotations list object in C:\Program Files (x86)\Google\Chrome\Application\81.0.4044.138\chrome.dll
[0519/234802.317:ERROR:process_memory_win.cc(73)] ReadMemory at 0x25cfafd3640 of 72 bytes failed: Only part of a ReadProcessMemory or WriteProcessMemory request was completed. (0x12B)
[0519/234802.317:WARNING:pe_image_annotations_reader.cc(134)] could not read annotations list object in C:\Program Files (x86)\Google\Chrome\Application\81.0.4044.138\chrome_elf.dll
[0519/234802.317:ERROR:process_memory_win.cc(73)] ReadMemory at 0x25c80065dc0 of 72 bytes failed: Only part of a ReadProcessMemory or WriteProcessMemory request was completed. (0x12B)
[0519/234802.317:WARNING:pe_image_annotations_reader.cc(134)] could not read annotations list object in C:\Program Files (x86)\Google\Chrome\Application\81.0.4044.138\chrome.dll
[0519/234802.318:ERROR:process_memory_win.cc(73)] ReadMemory at 0x25cfafd3640 of 72 bytes failed: Only part of a ReadProcessMemory or WriteProcessMemory request was completed. (0x12B)
[0519/234802.318:WARNING:pe_image_annotations_reader.cc(134)] could not read annotations list object in C:\Program Files (x86)\Google\Chrome\Application\81.0.4044.138\chrome_elf.dll
[0519/234802.320:ERROR:process_memory_win.cc(73)] ReadMemory at 0x25c80065dc0 of 72 bytes failed: Only part of a ReadProcessMemory or WriteProcessMemory request was completed. (0x12B)
[0519/234802.320:WARNING:pe_image_annotations_reader.cc(134)] could not read annotations list object in C:\Program Files (x86)\Google\Chrome\Application\81.0.4044.138\chrome.dll
[0519/234802.336:ERROR:process_memory_win.cc(73)] ReadMemory at 0x71e0100000 of 1048576 bytes failed: Only part of a ReadProcessMemory or WriteProcessMemory request was completed. (0x12B)
[0519/234802.338:ERROR:process_memory_win.cc(73)] ReadMemory at 0x71d785e000 of 852 bytes failed: Only part of a ReadProcessMemory or WriteProcessMemory request was completed. (0x12B)
[0519/234802.338:ERROR:process_memory_win.cc(73)] ReadMemory at 0x71d78a1000 of 6024 bytes failed: Only part of a ReadProcessMemory or WriteProcessMemory request was completed. (0x12B)
[0519/234802.338:ERROR:process_memory_win.cc(73)] ReadMemory at 0x25cfaff0750 of 80 bytes failed: Only part of a ReadProcessMemory or WriteProcessMemory request was completed. (0x12B)
[0519/234802.338:ERROR:process_memory_win.cc(73)] ReadMemory at 0x25cfaff0fe0 of 6106 bytes failed: Only part of a ReadProcessMemory or WriteProcessMemory request was completed. (0x12B)
[0519/234802.338:ERROR:process_memory_win.cc(73)] ReadMemory at 0x25cfaff27d0 of 1012 bytes failed: Only part of a ReadProcessMemory or WriteProcessMemory request was completed. (0x12B)
[0519/234802.339:ERROR:process_memory_win.cc(73)] ReadMemory at 0x25cfaff2e18 of 118 bytes failed: Only part of a ReadProcessMemory or WriteProcessMemory request was completed. (0x12B)
[0519/234802.339:ERROR:process_memory_win.cc(73)] ReadMemory at 0x25cfaff2e90 of 1008 bytes failed: Only part of a ReadProcessMemory or WriteProcessMemory request was completed. (0x12B)
[0519/234802.339:ERROR:process_memory_win.cc(73)] ReadMemory at 0x25cfaff3282 of 118 bytes failed: Only part of a ReadProcessMemory or WriteProcessMemory request was completed. (0x12B)
[0519/234802.339:ERROR:process_memory_win.cc(73)] ReadMemory at 0x25cfaff32fa of 102 bytes failed: Only part of a ReadProcessMemory or WriteProcessMemory request was completed. (0x12B)
[0519/234802.339:ERROR:process_memory_win.cc(73)] ReadMemory at 0x25cfaff3370 of 58 bytes failed: Only part of a ReadProcessMemory or WriteProcessMemory request was completed. (0x12B)
[0519/234802.340:ERROR:process_memory_win.cc(73)] ReadMemory at 0x25cfaff3470 of 132 bytes failed: Only part of a ReadProcessMemory or WriteProcessMemory request was completed. (0x12B)
[0519/234802.340:ERROR:process_memory_win.cc(73)] ReadMemory at 0x25cfaff3600 of 132 bytes failed: Only part of a ReadProcessMemory or WriteProcessMemory request was completed. (0x12B)
[0519/234802.340:ERROR:process_memory_win.cc(73)] ReadMemory at 0x25cfaff37c0 of 126 bytes failed: Only part of a ReadProcessMemory or WriteProcessMemory request was completed. (0x12B)
[0519/234802.340:ERROR:process_memory_win.cc(73)] ReadMemory at 0x25cfaff3ba0 of 132 bytes failed: Only part of a ReadProcessMemory or WriteProcessMemory request was completed. (0x12B)
[0519/234802.340:ERROR:process_memory_win.cc(73)] ReadMemory at 0x25cfaff3d30 of 64 bytes failed: Only part of a ReadProcessMemory or WriteProcessMemory request was completed. (0x12B)
[0519/234802.340:ERROR:process_memory_win.cc(73)] ReadMemory at 0x25cfaff3d80 of 132 bytes failed: Only part of a ReadProcessMemory or WriteProcessMemory request was completed. (0x12B)
[0519/234802.340:ERROR:process_memory_win.cc(73)] ReadMemory at 0x25cfaff3ef0 of 132 bytes failed: Only part of a ReadProcessMemory or WriteProcessMemory request was completed. (0x12B)
[0519/234802.340:ERROR:process_memory_win.cc(73)] ReadMemory at 0x25cfaff4190 of 132 bytes failed: Only part of a ReadProcessMemory or WriteProcessMemory request was completed. (0x12B)
[0519/234802.341:ERROR:process_memory_win.cc(73)] ReadMemory at 0x25cfaff4320 of 68 bytes failed: Only part of a ReadProcessMemory or WriteProcessMemory request was completed. (0x12B)
[0519/234802.341:ERROR:process_memory_win.cc(73)] ReadMemory at 0x25cfaff5390 of 146 bytes failed: Only part of a ReadProcessMemory or WriteProcessMemory request was completed. (0x12B)
[0519/234802.341:ERROR:process_memory_win.cc(73)] ReadMemory at 0x25cfaff5470 of 132 bytes failed: Only part of a ReadProcessMemory or WriteProcessMemory request was completed. (0x12B)
[0519/234802.341:ERROR:process_memory_win.cc(73)] ReadMemory at 0x25cfaff5600 of 154 bytes failed: Only part of a ReadProcessMemory or WriteProcessMemory request was completed. (0x12B)
[0519/234802.341:ERROR:process_memory_win.cc(73)] ReadMemory at 0x25cfaff63e0 of 62 bytes failed: Only part of a ReadProcessMemory or WriteProcessMemory request was completed. (0x12B)
[0519/234802.341:ERROR:process_memory_win.cc(73)] ReadMemory at 0x25cfaff6430 of 132 bytes failed: Only part of a ReadProcessMemory or WriteProcessMemory request was completed. (0x12B)
[0519/234802.341:ERROR:process_memory_win.cc(73)] ReadMemory at 0x25cfaff65d0 of 132 bytes failed: Only part of a ReadProcessMemory or WriteProcessMemory request was completed. (0x12B)
[0519/234802.342:ERROR:process_memory_win.cc(73)] ReadMemory at 0x25cfaff6700 of 60 bytes failed: Only part of a ReadProcessMemory or WriteProcessMemory request was completed. (0x12B)
[0519/234802.342:ERROR:process_memory_win.cc(73)] ReadMemory at 0x25cfaff8b30 of 132 bytes failed: Only part of a ReadProcessMemory or WriteProcessMemory request was completed. (0x12B)
[0519/234802.342:ERROR:process_memory_win.cc(73)] ReadMemory at 0x25cfaff8ca0 of 132 bytes failed: Only part of a ReadProcessMemory or WriteProcessMemory request was completed. (0x12B)
[0519/234802.342:ERROR:process_memory_win.cc(73)] ReadMemory at 0x25cfaffbc40 of 60 bytes failed: Only part of a ReadProcessMemory or WriteProcessMemory request was completed. (0x12B)
[0519/234802.342:ERROR:process_memory_win.cc(73)] ReadMemory at 0x25cfaffbc90 of 64 bytes failed: Only part of a ReadProcessMemory or WriteProcessMemory request was completed. (0x12B)
[0519/234802.342:ERROR:process_memory_win.cc(73)] ReadMemory at 0x25cfaffbd30 of 64 bytes failed: Only part of a ReadProcessMemory or WriteProcessMemory request was completed. (0x12B)
[0519/234802.342:ERROR:process_memory_win.cc(73)] ReadMemory at 0x25cfaffbdd0 of 66 bytes failed: Only part of a ReadProcessMemory or WriteProcessMemory request was completed. (0x12B)
[0519/234802.342:ERROR:process_memory_win.cc(73)] ReadMemory at 0x25cfaffbe20 of 64 bytes failed: Only part of a ReadProcessMemory or WriteProcessMemory request was completed. (0x12B)
[0519/234802.343:ERROR:process_memory_win.cc(73)] ReadMemory at 0x25cfaffbe70 of 62 bytes failed: Only part of a ReadProcessMemory or WriteProcessMemory request was completed. (0x12B)
[0519/234802.343:ERROR:process_memory_win.cc(73)] ReadMemory at 0x25cfaffbec0 of 64 bytes failed: Only part of a ReadProcessMemory or WriteProcessMemory request was completed. (0x12B)
[0519/234802.343:ERROR:process_memory_win.cc(73)] ReadMemory at 0x25cfaffbf60 of 62 bytes failed: Only part of a ReadProcessMemory or WriteProcessMemory request was completed. (0x12B)
[0519/234802.343:ERROR:process_memory_win.cc(73)] ReadMemory at 0x25cfaffbfb0 of 60 bytes failed: Only part of a ReadProcessMemory or WriteProcessMemory request was completed. (0x12B)
[0519/234802.343:ERROR:process_memory_win.cc(73)] ReadMemory at 0x25cfaffc450 of 132 bytes failed: Only part of a ReadProcessMemory or WriteProcessMemory request was completed. (0x12B)
[0519/234802.343:ERROR:process_memory_win.cc(73)] ReadMemory at 0x25cfaffc7b0 of 132 bytes failed: Only part of a ReadProcessMemory or WriteProcessMemory request was completed. (0x12B)
[0519/234802.343:ERROR:process_memory_win.cc(73)] ReadMemory at 0x25cfaffd1d0 of 132 bytes failed: Only part of a ReadProcessMemory or WriteProcessMemory request was completed. (0x12B)
[0519/234802.343:ERROR:process_memory_win.cc(73)] ReadMemory at 0x25cfafff210 of 54 bytes failed: Only part of a ReadProcessMemory or WriteProcessMemory request was completed. (0x12B)
[0519/234802.344:ERROR:process_memory_win.cc(73)] ReadMemory at 0x25cfaffffe0 of 132 bytes failed: Only part of a ReadProcessMemory or WriteProcessMemory request was completed. (0x12B)
[0519/234802.344:ERROR:process_memory_win.cc(73)] ReadMemory at 0x25cfb000f50 of 132 bytes failed: Only part of a ReadProcessMemory or WriteProcessMemory request was completed. (0x12B)
[0519/234802.344:ERROR:process_memory_win.cc(73)] ReadMemory at 0x25cfb002420 of 132 bytes failed: Only part of a ReadProcessMemory or WriteProcessMemory request was completed. (0x12B)
[0519/234802.344:ERROR:process_memory_win.cc(73)] ReadMemory at 0x25cfb004080 of 132 bytes failed: Only part of a ReadProcessMemory or WriteProcessMemory request was completed. (0x12B)
[0519/234802.348:ERROR:process_memory_win.cc(73)] ReadMemory at 0x25cfb0041b0 of 132 bytes failed: Only part of a ReadProcessMemory or WriteProcessMemory request was completed. (0x12B)
[0519/234802.349:ERROR:process_memory_win.cc(73)] ReadMemory at 0x25cfb004410 of 132 bytes failed: Only part of a ReadProcessMemory or WriteProcessMemory request was completed. (0x12B)
[0519/234802.350:ERROR:process_memory_win.cc(73)] ReadMemory at 0x25cfb004540 of 132 bytes failed: Only part of a ReadProcessMemory or WriteProcessMemory request was completed. (0x12B)
[0519/234802.350:ERROR:process_memory_win.cc(73)] ReadMemory at 0x25cfb004670 of 132 bytes failed: Only part of a ReadProcessMemory or WriteProcessMemory request was completed. (0x12B)
[0519/234802.350:ERROR:process_memory_win.cc(73)] ReadMemory at 0x25cfb0047a0 of 132 bytes failed: Only part of a ReadProcessMemory or WriteProcessMemory request was completed. (0x12B)
[0519/234802.350:ERROR:process_memory_win.cc(73)] ReadMemory at 0x25cfb0048d0 of 132 bytes failed: Only part of a ReadProcessMemory or WriteProcessMemory request was completed. (0x12B)
[0519/234802.350:ERROR:process_memory_win.cc(73)] ReadMemory at 0x25cfb004a00 of 132 bytes failed: Only part of a ReadProcessMemory or WriteProcessMemory request was completed. (0x12B)
[0519/234802.350:ERROR:process_memory_win.cc(73)] ReadMemory at 0x25cfb004b30 of 132 bytes failed: Only part of a ReadProcessMemory or WriteProcessMemory request was completed. (0x12B)
[0519/234802.350:ERROR:process_memory_win.cc(73)] ReadMemory at 0x25cfb004c60 of 132 bytes failed: Only part of a ReadProcessMemory or WriteProcessMemory request was completed. (0x12B)
[0519/234802.350:ERROR:process_memory_win.cc(73)] ReadMemory at 0x25cfb004d90 of 132 bytes failed: Only part of a ReadProcessMemory or WriteProcessMemory request was completed. (0x12B)
[0519/234802.351:ERROR:process_memory_win.cc(73)] ReadMemory at 0x25cfb004ec0 of 132 bytes failed: Only part of a ReadProcessMemory or WriteProcessMemory request was completed. (0x12B)
[0519/234802.351:ERROR:process_memory_win.cc(73)] ReadMemory at 0x25cfb0058d0 of 80 bytes failed: Only part of a ReadProcessMemory or WriteProcessMemory request was completed. (0x12B)
[0519/234802.351:ERROR:process_memory_win.cc(73)] ReadMemory at 0x25cfb005c30 of 76 bytes failed: Only part of a ReadProcessMemory or WriteProcessMemory request was completed. (0x12B)
[0519/234802.351:ERROR:process_memory_win.cc(73)] ReadMemory at 0x25cfb0060f0 of 58 bytes failed: Only part of a ReadProcessMemory or WriteProcessMemory request was completed. (0x12B)
[0519/234802.351:ERROR:process_memory_win.cc(73)] ReadMemory at 0x25cfb006140 of 62 bytes failed: Only part of a ReadProcessMemory or WriteProcessMemory request was completed. (0x12B)
[0519/234802.352:ERROR:process_memory_win.cc(73)] ReadMemory at 0x25cfb0063c0 of 62 bytes failed: Only part of a ReadProcessMemory or WriteProcessMemory request was completed. (0x12B)
[0519/234802.352:ERROR:process_memory_win.cc(73)] ReadMemory at 0x25cfb006460 of 64 bytes failed: Only part of a ReadProcessMemory or WriteProcessMemory request was completed. (0x12B)
[0519/234802.352:ERROR:process_memory_win.cc(73)] ReadMemory at 0x25cfb0067d0 of 62 bytes failed: Only part of a ReadProcessMemory or WriteProcessMemory request was completed. (0x12B)
[0519/234802.352:ERROR:process_memory_win.cc(73)] ReadMemory at 0x25cfb006870 of 64 bytes failed: Only part of a ReadProcessMemory or WriteProcessMemory request was completed. (0x12B)
[0519/234802.352:ERROR:process_memory_win.cc(73)] ReadMemory at 0x25cfb0069b0 of 64 bytes failed: Only part of a ReadProcessMemory or WriteProcessMemory request was completed. (0x12B)
[0519/234802.352:ERROR:process_memory_win.cc(73)] ReadMemory at 0x25cfb006a00 of 60 bytes failed: Only part of a ReadProcessMemory or WriteProcessMemory request was completed. (0x12B)
[0519/234802.352:ERROR:process_memory_win.cc(73)] ReadMemory at 0x25cfb006aa0 of 62 bytes failed: Only part of a ReadProcessMemory or WriteProcessMemory request was completed. (0x12B)
[0519/234802.353:ERROR:process_memory_win.cc(73)] ReadMemory at 0x25cfb006af0 of 62 bytes failed: Only part of a ReadProcessMemory or WriteProcessMemory request was completed. (0x12B)
[0519/234802.353:ERROR:process_memory_win.cc(73)] ReadMemory at 0x25cfb006b90 of 60 bytes failed: Only part of a ReadProcessMemory or WriteProcessMemory request was completed. (0x12B)
[0519/234802.353:ERROR:process_memory_win.cc(73)] ReadMemory at 0x25cfb006be0 of 62 bytes failed: Only part of a ReadProcessMemory or WriteProcessMemory request was completed. (0x12B)
[0519/234802.353:ERROR:process_memory_win.cc(73)] ReadMemory at 0x25cfb006c30 of 62 bytes failed: Only part of a ReadProcessMemory or WriteProcessMemory request was completed. (0x12B)
[0519/234802.353:ERROR:process_memory_win.cc(73)] ReadMemory at 0x25cfb006c80 of 60 bytes failed: Only part of a ReadProcessMemory or WriteProcessMemory request was completed. (0x12B)
[0519/234802.353:ERROR:process_memory_win.cc(73)] ReadMemory at 0x25cfb006cd0 of 60 bytes failed: Only part of a ReadProcessMemory or WriteProcessMemory request was completed. (0x12B)
[0519/234802.353:ERROR:process_memory_win.cc(73)] ReadMemory at 0x25cfb006f00 of 64 bytes failed: Only part of a ReadProcessMemory or WriteProcessMemory request was completed. (0x12B)
[0519/234802.353:ERROR:process_memory_win.cc(73)] ReadMemory at 0x25cfb006fa0 of 66 bytes failed: Only part of a ReadProcessMemory or WriteProcessMemory request was completed. (0x12B)
[0519/234802.353:ERROR:process_memory_win.cc(73)] ReadMemory at 0x25cfb006ff0 of 62 bytes failed: Only part of a ReadProcessMemory or WriteProcessMemory request was completed. (0x12B)
[0519/234802.354:ERROR:process_memory_win.cc(73)] ReadMemory at 0x25cfb0072d0 of 132 bytes failed: Only part of a ReadProcessMemory or WriteProcessMemory request was completed. (0x12B)
[0519/234802.354:ERROR:process_memory_win.cc(73)] ReadMemory at 0x25cfb007660 of 132 bytes failed: Only part of a ReadProcessMemory or WriteProcessMemory request was completed. (0x12B)
[0519/234802.354:ERROR:process_memory_win.cc(73)] ReadMemory at 0x25cfb007790 of 132 bytes failed: Only part of a ReadProcessMemory or WriteProcessMemory request was completed. (0x12B)
[0519/234802.354:ERROR:process_memory_win.cc(73)] ReadMemory at 0x25cfb0078c0 of 132 bytes failed: Only part of a ReadProcessMemory or WriteProcessMemory request was completed. (0x12B)
[0519/234802.354:ERROR:process_memory_win.cc(73)] ReadMemory at 0x25cfb0079f0 of 132 bytes failed: Only part of a ReadProcessMemory or WriteProcessMemory request was completed. (0x12B)
[0519/234802.354:ERROR:process_memory_win.cc(73)] ReadMemory at 0x25cfb007d80 of 132 bytes failed: Only part of a ReadProcessMemory or WriteProcessMemory request was completed. (0x12B)
[0519/234802.354:ERROR:process_memory_win.cc(73)] ReadMemory at 0x25cfb007eb0 of 132 bytes failed: Only part of a ReadProcessMemory or WriteProcessMemory request was completed. (0x12B)
[0519/234802.355:ERROR:process_memory_win.cc(73)] ReadMemory at 0x25cfb008110 of 132 bytes failed: Only part of a ReadProcessMemory or WriteProcessMemory request was completed. (0x12B)
[0519/234802.355:ERROR:process_memory_win.cc(73)] ReadMemory at 0x25cfb008370 of 132 bytes failed: Only part of a ReadProcessMemory or WriteProcessMemory request was completed. (0x12B)
[0519/234802.355:ERROR:process_memory_win.cc(73)] ReadMemory at 0x25cfb0084a0 of 132 bytes failed: Only part of a ReadProcessMemory or WriteProcessMemory request was completed. (0x12B)
[0519/234802.357:ERROR:scoped_process_suspend.cc(40)] NtResumeProcess: An attempt was made to access an exiting process. (0xc000010a)
